<?xml version="1.0" encoding="UTF-8"?>
<!-- Generated by org.testng.reporters.JUnitXMLReporter -->
<testsuite hostname="Gilani-LG" ignored="0" name="FireFox Test" tests="7" failures="1" timestamp="29 Dec 2019 05:54:12 GMT" time="0.025" errors="0">
  <testcase name="TestD" time="0.0" classname="listenerspkg.Demo2"/>
  <testcase name="TestE" time="0.0" classname="listenerspkg.Demo2"/>
  <testcase name="TestF" time="0.0" classname="listenerspkg.Demo3"/>
  <testcase name="TestG" time="0.0" classname="listenerspkg.Demo3"/>
  <testcase name="TestB" time="0.005" classname="listenerspkg.Demo">
    <failure type="java.lang.AssertionError" message="null">
      <![CDATA[java.lang.AssertionError: null
at listenerspkg.Demo.TestB(Demo.java:20)
... Removed 27 stack frames]]>
    </failure>
  </testcase> <!-- TestB -->
  <testcase name="TestA" time="0.004" classname="listenerspkg.Demo"/>
  <testcase name="TestC" time="0.0" classname="listenerspkg.Demo">
    <skipped/>
  </testcase> <!-- TestC -->
</testsuite> <!-- FireFox Test -->
