<?xml version="1.0" encoding="UTF-8"?>
<testng-results skipped="0" failed="0" ignored="0" total="1" passed="1">
  <reporter-output>
  </reporter-output>
  <suite name="Default suite" duration-ms="65112" started-at="2020-01-04T06:11:09Z" finished-at="2020-01-04T06:12:14Z">
    <groups>
    </groups>
    <test name="Default test" duration-ms="65112" started-at="2020-01-04T06:11:09Z" finished-at="2020-01-04T06:12:14Z">
      <class name="com.windowpopu.windowPopupScreenshot">
        <test-method status="PASS" signature="testA()[pri:0, instance:com.windowpopu.windowPopupScreenshot@479d31f3]" name="testA" duration-ms="65081" started-at="2020-01-04T06:11:09Z" finished-at="2020-01-04T06:12:14Z">
          <reporter-output>
          </reporter-output>
        </test-method> <!-- testA -->
      </class> <!-- com.windowpopu.windowPopupScreenshot -->
    </test> <!-- Default test -->
  </suite> <!-- Default suite -->
</testng-results>
